# JRE version: Java(TM) SE Runtime Environment (8.0_51-b16) (build 1.8.0_51-b16)
# Java VM: Java HotSpot(TM) 64-Bit Server VM (25.51-b03 mixed mode linux-amd64 compressed oops)
Heap:
 PSYoungGen      total 339968K, used 7009K [0x000000076d300000, 0x0000000783b80000, 0x00000007c0000000)
  eden space 325120K, 2% used [0x000000076d300000,0x000000076d9d8498,0x0000000781080000)
  from space 14848K, 0% used [0x0000000781080000,0x0000000781080000,0x0000000781f00000)
  to   space 22016K, 0% used [0x0000000782600000,0x0000000782600000,0x0000000783b80000)
 ParOldGen       total 200192K, used 35256K [0x00000006c7800000, 0x00000006d3b80000, 0x000000076d300000)
  object space 200192K, 17% used [0x00000006c7800000,0x00000006c9a6e240,0x00000006d3b80000)
 Metaspace       used 46531K, capacity 48918K, committed 49024K, reserved 1091584K
  class space    used 6532K, capacity 6989K, committed 7040K, reserved 1048576K
GC Heap History (10 events):
Event: 2.314 GC heap before
{Heap before GC invocations=8 (full 2):
 PSYoungGen      total 258048K, used 10748K [0x000000076d300000, 0x0000000783e80000, 0x00000007c0000000)
  eden space 247296K, 0% used [0x000000076d300000,0x000000076d300000,0x000000077c480000)
  from space 10752K, 99% used [0x000000077d900000,0x000000077e37f290,0x000000077e380000)
  to   space 20992K, 0% used [0x000000077c480000,0x000000077c480000,0x000000077d900000)
 ParOldGen       total 112128K, used 25925K [0x00000006c7800000, 0x00000006ce580000, 0x000000076d300000)
  object space 112128K, 23% used [0x00000006c7800000,0x00000006c91516b8,0x00000006ce580000)
 Metaspace       used 33922K, capacity 35360K, committed 35496K, reserved 1079296K
  class space    used 4559K, capacity 4841K, committed 4864K, reserved 1048576K
Event: 2.367 GC heap after
Heap after GC invocations=8 (full 2):
 PSYoungGen      total 258048K, used 0K [0x000000076d300000, 0x0000000783e80000, 0x00000007c0000000)
  eden space 247296K, 0% used [0x000000076d300000,0x000000076d300000,0x000000077c480000)
  from space 10752K, 0% used [0x000000077d900000,0x000000077d900000,0x000000077e380000)
  to   space 20992K, 0% used [0x000000077c480000,0x000000077c480000,0x000000077d900000)
 ParOldGen       total 200192K, used 25605K [0x00000006c7800000, 0x00000006d3b80000, 0x000000076d300000)
  object space 200192K, 12% used [0x00000006c7800000,0x00000006c91016f8,0x00000006d3b80000)
 Metaspace       used 33922K, capacity 35360K, committed 35496K, reserved 1079296K
  class space    used 4559K, capacity 4841K, committed 4864K, reserved 1048576K
}
Event: 3.276 GC heap before
{Heap before GC invocations=9 (full 2):
 PSYoungGen      total 258048K, used 247296K [0x000000076d300000, 0x0000000783e80000, 0x00000007c0000000)
  eden space 247296K, 100% used [0x000000076d300000,0x000000077c480000,0x000000077c480000)
  from space 10752K, 0% used [0x000000077d900000,0x000000077d900000,0x000000077e380000)
  to   space 20992K, 0% used [0x000000077c480000,0x000000077c480000,0x000000077d900000)
 ParOldGen       total 200192K, used 25605K [0x00000006c7800000, 0x00000006d3b80000, 0x000000076d300000)
  object space 200192K, 12% used [0x00000006c7800000,0x00000006c91016f8,0x00000006d3b80000)
 Metaspace       used 41035K, capacity 42830K, committed 43008K, reserved 1085440K
  class space    used 5726K, capacity 6076K, committed 6144K, reserved 1048576K
Event: 3.284 GC heap after
Heap after GC invocations=9 (full 2):
 PSYoungGen      total 268288K, used 13797K [0x000000076d300000, 0x0000000783c80000, 0x00000007c0000000)
  eden space 247296K, 0% used [0x000000076d300000,0x000000076d300000,0x000000077c480000)
  from space 20992K, 65% used [0x000000077c480000,0x000000077d1f94d0,0x000000077d900000)
  to   space 20480K, 0% used [0x0000000782880000,0x0000000782880000,0x0000000783c80000)
 ParOldGen       total 200192K, used 25613K [0x00000006c7800000, 0x00000006d3b80000, 0x000000076d300000)
  object space 200192K, 12% used [0x00000006c7800000,0x00000006c91036f8,0x00000006d3b80000)
 Metaspace       used 41035K, capacity 42830K, committed 43008K, reserved 1085440K
  class space    used 5726K, capacity 6076K, committed 6144K, reserved 1048576K
}
Event: 4.040 GC heap before
{Heap before GC invocations=10 (full 2):
 PSYoungGen      total 268288K, used 261093K [0x000000076d300000, 0x0000000783c80000, 0x00000007c0000000)
  eden space 247296K, 100% used [0x000000076d300000,0x000000077c480000,0x000000077c480000)
  from space 20992K, 65% used [0x000000077c480000,0x000000077d1f94d0,0x000000077d900000)
  to   space 20480K, 0% used [0x0000000782880000,0x0000000782880000,0x0000000783c80000)
 ParOldGen       total 200192K, used 25613K [0x00000006c7800000, 0x00000006d3b80000, 0x000000076d300000)
  object space 200192K, 12% used [0x00000006c7800000,0x00000006c91036f8,0x00000006d3b80000)
 Metaspace       used 45830K, capacity 48076K, committed 48384K, reserved 1091584K
  class space    used 6426K, capacity 6860K, committed 6912K, reserved 1048576K
Event: 4.051 GC heap after
Heap after GC invocations=10 (full 2):
 PSYoungGen      total 345600K, used 18853K [0x000000076d300000, 0x0000000783c80000, 0x00000007c0000000)
  eden space 325120K, 0% used [0x000000076d300000,0x000000076d300000,0x0000000781080000)
  from space 20480K, 92% used [0x0000000782880000,0x0000000783ae9680,0x0000000783c80000)
  to   space 22528K, 0% used [0x0000000781080000,0x0000000781080000,0x0000000782680000)
 ParOldGen       total 200192K, used 25621K [0x00000006c7800000, 0x00000006d3b80000, 0x000000076d300000)
  object space 200192K, 12% used [0x00000006c7800000,0x00000006c91056f8,0x00000006d3b80000)
 Metaspace       used 45830K, capacity 48076K, committed 48384K, reserved 1091584K
  class space    used 6426K, capacity 6860K, committed 6912K, reserved 1048576K
}
Event: 235.490 GC heap before
{Heap before GC invocations=11 (full 2):
 PSYoungGen      total 345600K, used 98464K [0x000000076d300000, 0x0000000783c80000, 0x00000007c0000000)
  eden space 325120K, 24% used [0x000000076d300000,0x00000007720bed68,0x0000000781080000)
  from space 20480K, 92% used [0x0000000782880000,0x0000000783ae9680,0x0000000783c80000)
  to   space 22528K, 0% used [0x0000000781080000,0x0000000781080000,0x0000000782680000)
 ParOldGen       total 200192K, used 25621K [0x00000006c7800000, 0x00000006d3b80000, 0x000000076d300000)
  object space 200192K, 12% used [0x00000006c7800000,0x00000006c91056f8,0x00000006d3b80000)
 Metaspace       used 46527K, capacity 48912K, committed 49024K, reserved 1091584K
  class space    used 6530K, capacity 6987K, committed 7040K, reserved 1048576K
Event: 235.518 GC heap after
Heap after GC invocations=11 (full 2):
 PSYoungGen      total 339968K, used 14785K [0x000000076d300000, 0x0000000783b80000, 0x00000007c0000000)
  eden space 325120K, 0% used [0x000000076d300000,0x000000076d300000,0x0000000781080000)
  from space 14848K, 99% used [0x0000000781080000,0x0000000781ef0618,0x0000000781f00000)
  to   space 22016K, 0% used [0x0000000782600000,0x0000000782600000,0x0000000783b80000)
 ParOldGen       total 200192K, used 25621K [0x00000006c7800000, 0x00000006d3b80000, 0x000000076d300000)
  object space 200192K, 12% used [0x00000006c7800000,0x00000006c91056f8,0x00000006d3b80000)
 Metaspace       used 46527K, capacity 48912K, committed 49024K, reserved 1091584K
  class space    used 6530K, capacity 6987K, committed 7040K, reserved 1048576K
}
Event: 235.518 GC heap before
{Heap before GC invocations=12 (full 3):
 PSYoungGen      total 339968K, used 14785K [0x000000076d300000, 0x0000000783b80000, 0x00000007c0000000)
  eden space 325120K, 0% used [0x000000076d300000,0x000000076d300000,0x0000000781080000)
  from space 14848K, 99% used [0x0000000781080000,0x0000000781ef0618,0x0000000781f00000)
  to   space 22016K, 0% used [0x0000000782600000,0x0000000782600000,0x0000000783b80000)
 ParOldGen       total 200192K, used 25621K [0x00000006c7800000, 0x00000006d3b80000, 0x000000076d300000)
  object space 200192K, 12% used [0x00000006c7800000,0x00000006c91056f8,0x00000006d3b80000)
 Metaspace       used 46527K, capacity 48912K, committed 49024K, reserved 1091584K
  class space    used 6530K, capacity 6987K, committed 7040K, reserved 1048576K
Event: 235.626 GC heap after
Heap after GC invocations=12 (full 3):
 PSYoungGen      total 339968K, used 0K [0x000000076d300000, 0x0000000783b80000, 0x00000007c0000000)
  eden space 325120K, 0% used [0x000000076d300000,0x000000076d300000,0x0000000781080000)
  from space 14848K, 0% used [0x0000000781080000,0x0000000781080000,0x0000000781f00000)
  to   space 22016K, 0% used [0x0000000782600000,0x0000000782600000,0x0000000783b80000)
 ParOldGen       total 200192K, used 35256K [0x00000006c7800000, 0x00000006d3b80000, 0x000000076d300000)
  object space 200192K, 17% used [0x00000006c7800000,0x00000006c9a6e240,0x00000006d3b80000)
 Metaspace       used 46527K, capacity 48912K, committed 49024K, reserved 1091584K
  class space    used 6530K, capacity 6987K, committed 7040K, reserved 1048576K
}

